<?xml version="1.0" encoding="UTF-8"?>
<testsuite name="org.example.GradleCalculatorTest" tests="1" skipped="0" failures="0" errors="0" timestamp="2023-10-04T09:01:13" hostname="jieung-ui-MacBookPro.local" time="0.039">
  <properties/>
  <testcase name="평균 학점을 계산한다." classname="org.example.GradleCalculatorTest" time="0.039"/>
  <system-out><![CDATA[]]></system-out>
  <system-err><![CDATA[]]></system-err>
</testsuite>
