<?xml version="1.0" encoding="UTF-8"?>
<testsuite name="org.example.PositiveNumberTest" tests="2" skipped="0" failures="0" errors="0" timestamp="2023-10-03T06:52:31" hostname="jieung-ui-MacBookPro.local" time="0.037">
  <properties/>
  <testcase name="[1] 0" classname="org.example.PositiveNumberTest" time="0.034"/>
  <testcase name="[2] -1" classname="org.example.PositiveNumberTest" time="0.001"/>
  <system-out><![CDATA[]]></system-out>
  <system-err><![CDATA[]]></system-err>
</testsuite>
